<?xml version="1.0" encoding="UTF-8"?>
<testng-results skipped="0" failed="0" total="1" passed="1">
  <reporter-output>
  </reporter-output>
  <suite name="Default suite" duration-ms="582007" started-at="2016-08-09T10:28:43Z" finished-at="2016-08-09T10:38:25Z">
    <groups>
    </groups>
    <test name="Default test" duration-ms="582007" started-at="2016-08-09T10:28:43Z" finished-at="2016-08-09T10:38:25Z">
      <class name="scripts.ChatFacebook">
        <test-method status="PASS" signature="setup()[pri:0, instance:scripts.ChatFacebook@7823a2f9]" name="setup" is-config="true" duration-ms="61177" started-at="2016-08-09T17:28:43Z" finished-at="2016-08-09T17:29:44Z">
          <reporter-output>
          </reporter-output>
        </test-method> <!-- setup -->
        <test-method status="PASS" signature="test_Chat()[pri:0, instance:scripts.ChatFacebook@7823a2f9]" name="test_Chat" duration-ms="520801" started-at="2016-08-09T17:29:44Z" finished-at="2016-08-09T17:38:25Z">
          <reporter-output>
          </reporter-output>
        </test-method> <!-- test_Chat -->
        <test-method status="PASS" signature="teardown()[pri:0, instance:scripts.ChatFacebook@7823a2f9]" name="teardown" is-config="true" duration-ms="13" started-at="2016-08-09T17:38:25Z" finished-at="2016-08-09T17:38:25Z">
          <reporter-output>
          </reporter-output>
        </test-method> <!-- teardown -->
      </class> <!-- scripts.ChatFacebook -->
    </test> <!-- Default test -->
  </suite> <!-- Default suite -->
</testng-results>
